0 info it worked if it ends with ok
1 verbose cli [ 'C:\\Program Files\\nodejs\\node.exe',
1 verbose cli   'C:\\Program Files\\nodejs\\node_modules\\npm\\bin\\npm-cli.js',
1 verbose cli   'start' ]
2 info using npm@3.10.10
3 info using node@v6.10.1
4 verbose run-script [ 'prestart', 'start', 'poststart' ]
5 info lifecycle hairb2b-server@0.0.0~prestart: hairb2b-server@0.0.0
6 silly lifecycle hairb2b-server@0.0.0~prestart: no script for prestart, continuing
7 info lifecycle hairb2b-server@0.0.0~start: hairb2b-server@0.0.0
8 verbose lifecycle hairb2b-server@0.0.0~start: unsafe-perm in lifecycle true
9 verbose lifecycle hairb2b-server@0.0.0~start: PATH: C:\Program Files\nodejs\node_modules\npm\bin\node-gyp-bin;C:\Users\prasanna_d\Desktop\Development\HairB2B-Server\node_modules\.bin;C:\ProgramData\Oracle\Java\javapath;C:\Program Files\Microsoft MPI\Bin\;C:\WINDOWS\system32;C:\WINDOWS;C:\WINDOWS\System32\Wbem;C:\WINDOWS\System32\WindowsPowerShell\v1.0\;C:\Program Files (x86)\Intel\OpenCL SDK\2.0\bin\x86;C:\Program Files (x86)\Intel\OpenCL SDK\2.0\bin\x64;C:\Program Files\nodejs\;C:\Program Files (x86)\Google\Google Apps Sync\;C:\Program Files (x86)\Google\Google Apps Migration\;C:\xampp\php;C:\ProgramData\ComposerSetup\bin;C:\Users\chathura_f\AppData\Roaming\npm;C:\Users\menaka.sirisena\AppData\Roaming\npm\node_modules;C:\Program Files (x86)\Skype\Phone\;C:\phantomjs-2.1.1-windows\bin;C:\Users\menaka.sirisena\AppData\Roaming\npm\node_modules\casperjs\bin;C:\Python27;C:\Users\menaka.sirisena\.dnx\bin;C:\Program Files\Microsoft DNX\Dnvm\;C:\Program Files\Microsoft SQL Server\130\Tools\Binn\;C:\Program Files\Microsoft\Web Platform Installer\;C:\Program Files (x86)\Microsoft SQL Server\Client SDK\ODBC\130\Tools\Binn\;C:\Program Files (x86)\Microsoft SQL Server\130\Tools\Binn\;C:\Program Files (x86)\Micr;C:\adb;C:\xampp\mysql\bin;C:\Users\prasanna_d\AppData\Roaming\npm;C:\Program Files\Git\cmd;C:\Users\prasanna_d\AppData\Local\Microsoft\WindowsApps;C:\Users\prasanna_d\AppData\Roaming\Composer\vendor\bin;C:\Program Files\Heroku\bin
10 verbose lifecycle hairb2b-server@0.0.0~start: CWD: C:\Users\prasanna_d\Desktop\Development\HairB2B-Server
11 silly lifecycle hairb2b-server@0.0.0~start: Args: [ '/d /s /c', 'node ./bin/www' ]
12 verbose stack Error: kill ENOSYS
12 verbose stack     at exports._errnoException (util.js:1018:11)
12 verbose stack     at process.kill (internal/process.js:190:13)
12 verbose stack     at process.listener (C:\Program Files\nodejs\node_modules\npm\node_modules\npmlog\node_modules\gauge\node_modules\signal-exit\index.js:86:15)
12 verbose stack     at emitNone (events.js:91:20)
12 verbose stack     at process.emit (events.js:185:7)
12 verbose stack     at processEmit (C:\Program Files\nodejs\node_modules\npm\node_modules\npmlog\node_modules\gauge\node_modules\signal-exit\index.js:146:32)
12 verbose stack     at processEmit (C:\Program Files\nodejs\node_modules\npm\node_modules\npm-registry-client\node_modules\npmlog\node_modules\gauge\node_modules\signal-exit\index.js:146:32)
12 verbose stack     at Signal.wrap.onsignal (internal/process.js:217:44)
13 verbose cwd C:\Users\prasanna_d\Desktop\Development\HairB2B-Server
14 error Windows_NT 10.0.15063
15 error argv "C:\\Program Files\\nodejs\\node.exe" "C:\\Program Files\\nodejs\\node_modules\\npm\\bin\\npm-cli.js" "start"
16 error node v6.10.1
17 error npm  v3.10.10
18 error code ENOSYS
19 error errno ENOSYS
20 error syscall kill
21 error kill ENOSYS
22 error If you need help, you may report this error at:
22 error     <https://github.com/npm/npm/issues>
23 verbose exit [ 1, true ]
